0 info it worked if it ends with ok
1 verbose cli [ '/usr/local/bin/node',
1 verbose cli   '/usr/local/bin/npm',
1 verbose cli   'start',
1 verbose cli   '--production' ]
2 info using npm@2.11.3
3 info using node@v0.12.7
4 verbose run-script [ 'prestart', 'start', 'poststart' ]
5 info prestart ghost@0.7.1
6 info start ghost@0.7.1
7 verbose unsafe-perm in lifecycle true
8 info ghost@0.7.1 Failed to exec start script
9 verbose stack Error: ghost@0.7.1 start: `node index`
9 verbose stack Exit status 137
9 verbose stack     at EventEmitter.<anonymous> (/usr/local/lib/node_modules/npm/lib/utils/lifecycle.js:213:16)
9 verbose stack     at EventEmitter.emit (events.js:110:17)
9 verbose stack     at ChildProcess.<anonymous> (/usr/local/lib/node_modules/npm/lib/utils/spawn.js:24:14)
9 verbose stack     at ChildProcess.emit (events.js:110:17)
9 verbose stack     at maybeClose (child_process.js:1015:16)
9 verbose stack     at Process.ChildProcess._handle.onexit (child_process.js:1087:5)
10 verbose pkgid ghost@0.7.1
11 verbose cwd /var/www/ghost
12 error Linux 3.13.0-57-generic
13 error argv "/usr/local/bin/node" "/usr/local/bin/npm" "start" "--production"
14 error node v0.12.7
15 error npm  v2.11.3
16 error code ELIFECYCLE
17 error ghost@0.7.1 start: `node index`
17 error Exit status 137
18 error Failed at the ghost@0.7.1 start script 'node index'.
18 error This is most likely a problem with the ghost package,
18 error not with npm itself.
18 error Tell the author that this fails on your system:
18 error     node index
18 error You can get their info via:
18 error     npm owner ls ghost
18 error There is likely additional logging output above.
19 verbose exit [ 1, true ]
